<?xml version="1.0" encoding="UTF-8"?>
<!-- Generated by org.testng.reporters.JUnitReportReporter -->
<testsuite hostname="PORT_606" failures="0" tests="1" name="FirstPack.PS1" time="0.042" errors="0" timestamp="2025-07-14T00:33:43 CEST" skipped="0">
  <testcase classname="FirstPack.PS1" name="testRun" time="0.042"/>
</testsuite> <!-- FirstPack.PS1 -->
